<?xml version="1.0" encoding="UTF-8"?>
<!-- Generated by org.testng.reporters.JUnitXMLReporter -->
<testsuite ignored="6" hostname="Appu" failures="0" tests="4" name="Test" time="204.102" errors="0" timestamp="2024-08-30T09:57:05 IST">
  <testcase classname="tc_Repository.ORG_03" name="org_03" time="25.263"/>
  <testcase classname="tc_Repository.ORG_04" name="org_04" time="25.263"/>
  <testcase classname="tc_Repository.ORG_01" name="org_01" time="25.937"/>
  <testcase classname="tc_Repository.ORG_02" name="org_02" time="24.141"/>
  <testcase classname="genericProperty.BaseClass" name="@BeforeSuite createConnection" time="0.0">
    <ignored/>
  </testcase> <!-- @BeforeSuite createConnection -->
  <testcase classname="genericProperty.BaseClass" name="@BeforeSuite createConnection" time="0.0">
    <ignored/>
  </testcase> <!-- @BeforeSuite createConnection -->
  <testcase classname="genericProperty.BaseClass" name="@BeforeSuite createConnection" time="0.0">
    <ignored/>
  </testcase> <!-- @BeforeSuite createConnection -->
  <testcase classname="genericProperty.BaseClass" name="@AfterSuite closeConnection" time="0.0">
    <ignored/>
  </testcase> <!-- @AfterSuite closeConnection -->
  <testcase classname="genericProperty.BaseClass" name="@AfterSuite closeConnection" time="0.0">
    <ignored/>
  </testcase> <!-- @AfterSuite closeConnection -->
  <testcase classname="genericProperty.BaseClass" name="@AfterSuite closeConnection" time="0.0">
    <ignored/>
  </testcase> <!-- @AfterSuite closeConnection -->
</testsuite> <!-- Test -->
